[2015-09-25 08:09:49] lumen.ERROR: exception 'ErrorException' with message 'Argument 1 passed to Asm89\Stack\CorsService::addActualRequestHeaders() must be an instance of Symfony\Component\HttpFoundation\Response, instance of Illuminate\View\View given, called in /Users/edgarravenhorst/git/xtalus/midoffice/vendor/barryvdh/laravel-cors/src/HandleCors.php on line 58 and defined' in /Users/edgarravenhorst/git/xtalus/midoffice/vendor/asm89/stack-cors/src/Asm89/Stack/CorsService.php:66
Stack trace:
#0 /Users/edgarravenhorst/git/xtalus/midoffice/vendor/asm89/stack-cors/src/Asm89/Stack/CorsService.php(66): Laravel\Lumen\Application->Laravel\Lumen\{closure}(4096, 'Argument 1 pass...', '/Users/edgarrav...', 66, Array)
#1 /Users/edgarravenhorst/git/xtalus/midoffice/vendor/barryvdh/laravel-cors/src/HandleCors.php(58): Asm89\Stack\CorsService->addActualRequestHeaders(Object(Illuminate\View\View), Object(Illuminate\Http\Request))
#2 [internal function]: Barryvdh\Cors\HandleCors->handle(Object(Illuminate\Http\Request), Object(Closure))
#3 /Users/edgarravenhorst/git/xtalus/midoffice/vendor/illuminate/pipeline/Pipeline.php(124): call_user_func_array(Array, Array)
#4 [internal function]: Illuminate\Pipeline\Pipeline->Illuminate\Pipeline\{closure}(Object(Illuminate\Http\Request))
#5 /Users/edgarravenhorst/git/xtalus/midoffice/vendor/illuminate/pipeline/Pipeline.php(103): call_user_func(Object(Closure), Object(Illuminate\Http\Request))
#6 /Users/edgarravenhorst/git/xtalus/midoffice/vendor/laravel/lumen-framework/src/Application.php(1387): Illuminate\Pipeline\Pipeline->then(Object(Closure))
#7 /Users/edgarravenhorst/git/xtalus/midoffice/vendor/laravel/lumen-framework/src/Application.php(1164): Laravel\Lumen\Application->sendThroughPipeline(Array, Object(Closure))
#8 /Users/edgarravenhorst/git/xtalus/midoffice/vendor/laravel/lumen-framework/src/Application.php(1104): Laravel\Lumen\Application->dispatch(NULL)
#9 /Users/edgarravenhorst/git/xtalus/public/index.php(30): Laravel\Lumen\Application->run()
#10 /Users/edgarravenhorst/git/xtalus/server.php(12): require_once('/Users/edgarrav...')
#11 {main}  
[2015-09-25 08:22:07] lumen.ERROR: exception 'ErrorException' with message 'Argument 1 passed to Asm89\Stack\CorsService::addActualRequestHeaders() must be an instance of Symfony\Component\HttpFoundation\Response, instance of Illuminate\View\View given, called in /Users/edgarravenhorst/git/xtalus/midoffice/vendor/barryvdh/laravel-cors/src/HandleCors.php on line 58 and defined' in /Users/edgarravenhorst/git/xtalus/midoffice/vendor/asm89/stack-cors/src/Asm89/Stack/CorsService.php:66
Stack trace:
#0 /Users/edgarravenhorst/git/xtalus/midoffice/vendor/asm89/stack-cors/src/Asm89/Stack/CorsService.php(66): Laravel\Lumen\Application->Laravel\Lumen\{closure}(4096, 'Argument 1 pass...', '/Users/edgarrav...', 66, Array)
#1 /Users/edgarravenhorst/git/xtalus/midoffice/vendor/barryvdh/laravel-cors/src/HandleCors.php(58): Asm89\Stack\CorsService->addActualRequestHeaders(Object(Illuminate\View\View), Object(Illuminate\Http\Request))
#2 [internal function]: Barryvdh\Cors\HandleCors->handle(Object(Illuminate\Http\Request), Object(Closure))
#3 /Users/edgarravenhorst/git/xtalus/midoffice/vendor/illuminate/pipeline/Pipeline.php(124): call_user_func_array(Array, Array)
#4 [internal function]: Illuminate\Pipeline\Pipeline->Illuminate\Pipeline\{closure}(Object(Illuminate\Http\Request))
#5 /Users/edgarravenhorst/git/xtalus/midoffice/vendor/illuminate/pipeline/Pipeline.php(103): call_user_func(Object(Closure), Object(Illuminate\Http\Request))
#6 /Users/edgarravenhorst/git/xtalus/midoffice/vendor/laravel/lumen-framework/src/Application.php(1387): Illuminate\Pipeline\Pipeline->then(Object(Closure))
#7 /Users/edgarravenhorst/git/xtalus/midoffice/vendor/laravel/lumen-framework/src/Application.php(1164): Laravel\Lumen\Application->sendThroughPipeline(Array, Object(Closure))
#8 /Users/edgarravenhorst/git/xtalus/midoffice/vendor/laravel/lumen-framework/src/Application.php(1104): Laravel\Lumen\Application->dispatch(NULL)
#9 /Users/edgarravenhorst/git/xtalus/public/index.php(30): Laravel\Lumen\Application->run()
#10 /Users/edgarravenhorst/git/xtalus/server.php(12): require_once('/Users/edgarrav...')
#11 {main}  
[2015-10-01 10:35:52] lumen.ERROR: exception 'ErrorException' with message 'array_merge(): Argument #2 is not an array' in /Users/edgarravenhorst/git/xtalus/midoffice/vendor/illuminate/view/Factory.php:153
Stack trace:
#0 [internal function]: Laravel\Lumen\Application->Laravel\Lumen\{closure}(2, 'array_merge(): ...', '/Users/edgarrav...', 153, Array)
#1 /Users/edgarravenhorst/git/xtalus/midoffice/vendor/illuminate/view/Factory.php(153): array_merge(Array, Object(stdClass))
#2 /Users/edgarravenhorst/git/xtalus/midoffice/vendor/laravel/lumen-framework/src/helpers.php(423): Illuminate\View\Factory->make('emails.notify.n...', Object(stdClass), Array)
#3 /Users/edgarravenhorst/git/xtalus/midoffice/app/Http/Controllers/MailController.php(55): view('emails.notify.n...', Object(stdClass))
#4 [internal function]: App\Http\Controllers\MailController->rendermail(Object(Illuminate\Http\Request), 'notify', 'new_registratio...')
#5 /Users/edgarravenhorst/git/xtalus/midoffice/vendor/illuminate/container/Container.php(502): call_user_func_array(Array, Array)
#6 /Users/edgarravenhorst/git/xtalus/midoffice/vendor/laravel/lumen-framework/src/Application.php(1371): Illuminate\Container\Container->call(Array, Array)
#7 /Users/edgarravenhorst/git/xtalus/midoffice/vendor/laravel/lumen-framework/src/Application.php(1336): Laravel\Lumen\Application->callControllerCallable(Array, Array)
#8 /Users/edgarravenhorst/git/xtalus/midoffice/vendor/laravel/lumen-framework/src/Application.php(1307): Laravel\Lumen\Application->callLumenController(Object(App\Http\Controllers\MailController), 'rendermail', Array)
#9 /Users/edgarravenhorst/git/xtalus/midoffice/vendor/laravel/lumen-framework/src/Application.php(1275): Laravel\Lumen\Application->callControllerAction(Array)
#10 /Users/edgarravenhorst/git/xtalus/midoffice/vendor/laravel/lumen-framework/src/Application.php(1255): Laravel\Lumen\Application->callActionOnArrayBasedRoute(Array)
#11 [internal function]: Laravel\Lumen\Application->Laravel\Lumen\{closure}(Object(Illuminate\Http\Request))
#12 /Users/edgarravenhorst/git/xtalus/midoffice/vendor/illuminate/pipeline/Pipeline.php(139): call_user_func(Object(Closure), Object(Illuminate\Http\Request))
#13 /Users/edgarravenhorst/git/xtalus/midoffice/vendor/barryvdh/laravel-cors/src/HandleCors.php(43): Illuminate\Pipeline\Pipeline->Illuminate\Pipeline\{closure}(Object(Illuminate\Http\Request))
#14 [internal function]: Barryvdh\Cors\HandleCors->handle(Object(Illuminate\Http\Request), Object(Closure))
#15 /Users/edgarravenhorst/git/xtalus/midoffice/vendor/illuminate/pipeline/Pipeline.php(124): call_user_func_array(Array, Array)
#16 [internal function]: Illuminate\Pipeline\Pipeline->Illuminate\Pipeline\{closure}(Object(Illuminate\Http\Request))
#17 /Users/edgarravenhorst/git/xtalus/midoffice/vendor/illuminate/pipeline/Pipeline.php(103): call_user_func(Object(Closure), Object(Illuminate\Http\Request))
#18 /Users/edgarravenhorst/git/xtalus/midoffice/vendor/laravel/lumen-framework/src/Application.php(1411): Illuminate\Pipeline\Pipeline->then(Object(Closure))
#19 /Users/edgarravenhorst/git/xtalus/midoffice/vendor/laravel/lumen-framework/src/Application.php(1256): Laravel\Lumen\Application->sendThroughPipeline(Array, Object(Closure))
#20 /Users/edgarravenhorst/git/xtalus/midoffice/vendor/laravel/lumen-framework/src/Application.php(1234): Laravel\Lumen\Application->handleFoundRoute(Array)
#21 /Users/edgarravenhorst/git/xtalus/midoffice/vendor/laravel/lumen-framework/src/Application.php(1184): Laravel\Lumen\Application->handleDispatcherResponse(Array)
#22 [internal function]: Laravel\Lumen\Application->Laravel\Lumen\{closure}(Object(Illuminate\Http\Request))
#23 /Users/edgarravenhorst/git/xtalus/midoffice/vendor/illuminate/pipeline/Pipeline.php(139): call_user_func(Object(Closure), Object(Illuminate\Http\Request))
#24 /Users/edgarravenhorst/git/xtalus/midoffice/vendor/barryvdh/laravel-cors/src/HandleCors.php(43): Illuminate\Pipeline\Pipeline->Illuminate\Pipeline\{closure}(Object(Illuminate\Http\Request))
#25 [internal function]: Barryvdh\Cors\HandleCors->handle(Object(Illuminate\Http\Request), Object(Closure))
#26 /Users/edgarravenhorst/git/xtalus/midoffice/vendor/illuminate/pipeline/Pipeline.php(124): call_user_func_array(Array, Array)
#27 [internal function]: Illuminate\Pipeline\Pipeline->Illuminate\Pipeline\{closure}(Object(Illuminate\Http\Request))
#28 /Users/edgarravenhorst/git/xtalus/midoffice/vendor/illuminate/pipeline/Pipeline.php(103): call_user_func(Object(Closure), Object(Illuminate\Http\Request))
#29 /Users/edgarravenhorst/git/xtalus/midoffice/vendor/laravel/lumen-framework/src/Application.php(1411): Illuminate\Pipeline\Pipeline->then(Object(Closure))
#30 /Users/edgarravenhorst/git/xtalus/midoffice/vendor/laravel/lumen-framework/src/Application.php(1185): Laravel\Lumen\Application->sendThroughPipeline(Array, Object(Closure))
#31 /Users/edgarravenhorst/git/xtalus/midoffice/vendor/laravel/lumen-framework/src/Application.php(1125): Laravel\Lumen\Application->dispatch(NULL)
#32 /Users/edgarravenhorst/git/xtalus/public/index.php(30): Laravel\Lumen\Application->run()
#33 /Users/edgarravenhorst/git/xtalus/server.php(12): require_once('/Users/edgarrav...')
#34 {main}  
